#
# A fatal error has been detected by the Java Runtime Environment:
#
#  EXCEPTION_ACCESS_VIOLATION (0xc0000005) at pc=0x00007ffec90607d3, pid=1720, tid=26500
#
# JRE version: Java(TM) SE Runtime Environment (11.0.2+9) (build 11.0.2+9-LTS)
# Java VM: Java HotSpot(TM) 64-Bit Server VM (11.0.2+9-LTS, mixed mode, tiered, compressed oops, g1 gc, windows-amd64)
# Problematic frame:
# C  [ntdll.dll+0x407d3]
#
# No core dump will be written. Minidumps are not enabled by default on client versions of Windows
#
# If you would like to submit a bug report, please visit:
#   http://bugreport.java.com/bugreport/crash.jsp
# The crash happened outside the Java Virtual Machine in native code.
# See problematic frame for where to report the bug.
#

---------------  S U M M A R Y ------------

Command Line: -javaagent:C:\Users\Jeppe Kaare Larsen\AppData\Local\JetBrains\Toolbox\apps\IDEA-U\ch-0\202.4357.23\lib\idea_rt.jar=61524:C:\Users\Jeppe Kaare Larsen\AppData\Local\JetBrains\Toolbox\apps\IDEA-U\ch-0\202.4357.23\bin -Dfile.encoding=UTF-8 Main

Host: AMD Ryzen 5 3600 6-Core Processor              , 12 cores, 15G,  Windows 10 , 64 bit Build 18362 (10.0.18362.778)
Time: Thu Jun  4 12:12:49 2020 Rom, sommertid elapsed time: 1 seconds (0d 0h 0m 1s)

---------------  T H R E A D  ---------------

Current thread (0x000002c60f0a2000):  JavaThread "Finalizer" daemon [_thread_in_native, id=26500, stack(0x000000f065d00000,0x000000f065e00000)]

Stack: [0x000000f065d00000,0x000000f065e00000],  sp=0x000000f065dfeab0,  free space=1018k
Native frames: (J=compiled Java code, j=interpreted, Vv=VM code, C=native code)
C  [ntdll.dll+0x407d3]
C  [ntdll.dll+0x3fb91]
C  [opencv_java342.dll+0x2046b34]

Java frames: (J=compiled Java code, j=interpreted, Vv=VM code)
J 1247  org.opencv.core.Mat.n_delete(J)V (0 bytes) @ 0x000002c607b56011 [0x000002c607b55fc0+0x0000000000000051]
J 1246 c1 org.opencv.core.Mat.finalize()V (12 bytes) @ 0x000002c6007a55dc [0x000002c6007a5560+0x000000000000007c]
J 1244 c1 java.lang.ref.Finalizer.runFinalizer(Ljdk/internal/misc/JavaLangAccess;)V java.base@11.0.2 (117 bytes) @ 0x000002c6007a4784 [0x000002c6007a40c0+0x00000000000006c4]
j  java.lang.ref.Finalizer$FinalizerThread.run()V+46 java.base@11.0.2
v  ~StubRoutines::call_stub

siginfo: EXCEPTION_ACCESS_VIOLATION (0xc0000005), reading address 0x000000c61058050f


Register to memory mapping:

RIP=0x00007ffec90607d3 ntdll.dll
RAX=0x0 is NULL
RBX=0x000002c668570000 points into unknown readable memory: 00 00 00 00 00 00 00 00
RCX=0x000002c668570000 points into unknown readable memory: 00 00 00 00 00 00 00 00
RDX=0x000000c610580510 is an unknown value
RSP=0x000000f065dfeab0 is pointing into the stack for thread: 0x000002c60f0a2000
RBP=0x000002c668570000 points into unknown readable memory: 00 00 00 00 00 00 00 00
RSI=0x000000c610580510 is an unknown value
RDI=0x0 is NULL
R8 =0x0 is NULL
R9 =0x0 is NULL
R10=0x00007ffe70e65f20 opencv_java342.dll
R11=0x000002c6007a40e0 is at entry_point+32 in (nmethod*)0x000002c6007a3e90
R12=0x0 is NULL
R13=0x000000c610580500 is an unknown value
R14=0x000000f065dfece0 is pointing into the stack for thread: 0x000002c60f0a2000
R15=0x0 is NULL


Registers:
RAX=0x0000000000000000, RBX=0x000002c668570000, RCX=0x000002c668570000, RDX=0x000000c610580510
RSP=0x000000f065dfeab0, RBP=0x000002c668570000, RSI=0x000000c610580510, RDI=0x0000000000000000
R8 =0x0000000000000000, R9 =0x0000000000000000, R10=0x00007ffe70e65f20, R11=0x000002c6007a40e0
R12=0x0000000000000000, R13=0x000000c610580500, R14=0x000000f065dfece0, R15=0x0000000000000000
RIP=0x00007ffec90607d3, EFLAGS=0x0000000000010246

Top of Stack: (sp=0x000000f065dfeab0)
0x000000f065dfeab0:   000002c668570000 000002c668570000
0x000000f065dfeac0:   0000000000000000 000002c610535300
0x000000f065dfead0:   000002c67fbc0cc0 000002c60f0a2000
0x000000f065dfeae0:   000002c61044ec60 00000067c906a68b
0x000000f065dfeaf0:   000002c600008690 000002c6104dcff0
0x000000f065dfeb00:   0000000000000000 00007ffec9062b72
0x000000f065dfeb10:   0000000000000000 ffffffffffffffff
0x000000f065dfeb20:   0000000000000001 0000000000000000
0x000000f065dfeb30:   000002c60f0a2000 000000f065dfece0
0x000000f065dfeb40:   000000f065dfeda8 0000000000000000
0x000000f065dfeb50:   000000c610580510 00007ffec905fb91
0x000000f065dfeb60:   000002c60fb690a0 000002c668570000
0x000000f065dfeb70:   000000f065dfecf0 0000000000000000
0x000000f065dfeb80:   0000000000000000 000002c61058f2b0
0x000000f065dfeb90:   000002c67fe773c0 00007ffe718e6b34
0x000000f065dfeba0:   000002c6104df340 000002c610592260 

Instructions: (pc=0x00007ffec90607d3)
0x00007ffec90607b3:   3c 24 48 8b cd e8 43 f4 ff ff 85 c0 0f 84 8c fc
0x00007ffec90607c3:   ff ff e9 6e 5c 06 00 4c 8d 6a f0 41 0f 0d 4d 00
0x00007ffec90607d3:   41 80 7d 0f 05 75 0c 41 0f b6 45 0e 48 c1 e0 04
0x00007ffec90607e3:   4c 2b e8 41 f6 45 0f 3f 0f 85 6e ff ff ff 45 33 


Stack slot to memory mapping:
stack at sp + 0 slots: 0x000002c668570000 points into unknown readable memory: 00 00 00 00 00 00 00 00
stack at sp + 1 slots: 0x000002c668570000 points into unknown readable memory: 00 00 00 00 00 00 00 00
stack at sp + 2 slots: 0x0 is NULL
stack at sp + 3 slots: 0x000002c610535300 points into unknown readable memory: 30 1a 87 10 c6 02 00 00
stack at sp + 4 slots: {method} {0x000002c67fbc0cc8} 'n_delete' '(J)V' in 'org/opencv/core/Mat'
stack at sp + 5 slots: 0x000002c60f0a2000 is a thread
stack at sp + 6 slots: 0x000002c61044ec60 points into unknown readable memory: 80 1c 4d 68 c6 02 00 00
stack at sp + 7 slots: 0x00000067c906a68b is an unknown value


---------------  P R O C E S S  ---------------

Threads class SMR info:
_java_thread_list=0x000002c60f8a3330, length=17, elements={
0x000002c66a70c800, 0x000002c67f4e7000, 0x000002c60f0a2000, 0x000002c60f10d000,
0x000002c60f10e000, 0x000002c60f111000, 0x000002c60f112800, 0x000002c60f0bc800,
0x000002c60f268800, 0x000002c60f3a8000, 0x000002c60f3a9000, 0x000002c60fbb3000,
0x000002c60fbb9000, 0x000002c60f96e000, 0x000002c60f8a8000, 0x000002c61088e800,
0x000002c610495000
}

Java Threads: ( => current thread )
  0x000002c66a70c800 JavaThread "main" [_thread_in_native, id=25988, stack(0x000000f065500000,0x000000f065600000)]
  0x000002c67f4e7000 JavaThread "Reference Handler" daemon [_thread_blocked, id=21984, stack(0x000000f065c00000,0x000000f065d00000)]
=>0x000002c60f0a2000 JavaThread "Finalizer" daemon [_thread_in_native, id=26500, stack(0x000000f065d00000,0x000000f065e00000)]
  0x000002c60f10d000 JavaThread "Signal Dispatcher" daemon [_thread_blocked, id=22284, stack(0x000000f065e00000,0x000000f065f00000)]
  0x000002c60f10e000 JavaThread "Attach Listener" daemon [_thread_blocked, id=7084, stack(0x000000f065f00000,0x000000f066000000)]
  0x000002c60f111000 JavaThread "C2 CompilerThread0" daemon [_thread_blocked, id=12772, stack(0x000000f066000000,0x000000f066100000)]
  0x000002c60f112800 JavaThread "C1 CompilerThread0" daemon [_thread_blocked, id=24620, stack(0x000000f066100000,0x000000f066200000)]
  0x000002c60f0bc800 JavaThread "Sweeper thread" daemon [_thread_blocked, id=24380, stack(0x000000f066200000,0x000000f066300000)]
  0x000002c60f268800 JavaThread "Common-Cleaner" daemon [_thread_blocked, id=10136, stack(0x000000f066300000,0x000000f066400000)]
  0x000002c60f3a8000 JavaThread "Monitor Ctrl-Break" daemon [_thread_in_native, id=15436, stack(0x000000f066400000,0x000000f066500000)]
  0x000002c60f3a9000 JavaThread "Service Thread" daemon [_thread_blocked, id=25012, stack(0x000000f066500000,0x000000f066600000)]
  0x000002c60fbb3000 JavaThread "C2 CompilerThread1" daemon [_thread_blocked, id=23268, stack(0x000000f067600000,0x000000f067700000)]
  0x000002c60fbb9000 JavaThread "Java2D Disposer" daemon [_thread_blocked, id=3768, stack(0x000000f067700000,0x000000f067800000)]
  0x000002c60f96e000 JavaThread "AWT-Shutdown" [_thread_blocked, id=18072, stack(0x000000f067800000,0x000000f067900000)]
  0x000002c60f8a8000 JavaThread "AWT-Windows" daemon [_thread_in_native, id=15408, stack(0x000000f067900000,0x000000f067a00000)]
  0x000002c61088e800 JavaThread "AWT-EventQueue-0" [_thread_blocked, id=18968, stack(0x000000f067c00000,0x000000f067d00000)]
  0x000002c610495000 JavaThread "D3D Screen Updater" daemon [_thread_blocked, id=24516, stack(0x000000f067d00000,0x000000f067e00000)]

Other Threads:
  0x000002c67f4e2000 VMThread "VM Thread" [stack: 0x000000f065b00000,0x000000f065c00000] [id=4016]
  0x000002c60f3aa000 WatcherThread [stack: 0x000000f066600000,0x000000f066700000] [id=10520]
  0x000002c66a723000 GCTaskThread "GC Thread#0" [stack: 0x000000f065600000,0x000000f065700000] [id=4916]
  0x000002c610577000 GCTaskThread "GC Thread#1" [stack: 0x000000f067e00000,0x000000f067f00000] [id=5740]
  0x000002c61054f000 GCTaskThread "GC Thread#2" [stack: 0x000000f067f00000,0x000000f068000000] [id=17036]
  0x000002c610550000 GCTaskThread "GC Thread#3" [stack: 0x000000f068000000,0x000000f068100000] [id=13340]
  0x000002c610550800 GCTaskThread "GC Thread#4" [stack: 0x000000f068100000,0x000000f068200000] [id=26536]
  0x000002c610baa800 GCTaskThread "GC Thread#5" [stack: 0x000000f068200000,0x000000f068300000] [id=13748]
  0x000002c66a781000 ConcurrentGCThread "G1 Main Marker" [stack: 0x000000f065700000,0x000000f065800000] [id=14852]
  0x000002c66a783000 ConcurrentGCThread "G1 Conc#0" [stack: 0x000000f065800000,0x000000f065900000] [id=18056]
  0x000002c67f3c5000 ConcurrentGCThread "G1 Refine#0" [stack: 0x000000f065900000,0x000000f065a00000] [id=16228]
  0x000002c67f3c6000 ConcurrentGCThread "G1 Young RemSet Sampling" [stack: 0x000000f065a00000,0x000000f065b00000] [id=21664]

Threads with active compile tasks:

VM state:not at safepoint (normal execution)

VM Mutex/Monitor currently owned by a thread: None

Heap address: 0x0000000700c00000, size: 4084 MB, Compressed Oops mode: Zero based, Oop shift amount: 3
Narrow klass base: 0x0000000800000000, Narrow klass shift: 0
Compressed class space size: 1073741824 Address: 0x0000000800000000

Heap:
 garbage-first heap   total 262144K, used 29243K [0x0000000700c00000, 0x0000000800000000)
  region size 1024K, 11 young (11264K), 3 survivors (3072K)
 Metaspace       used 16788K, capacity 17300K, committed 17408K, reserved 1064960K
  class space    used 1734K, capacity 1948K, committed 2048K, reserved 1048576K
Heap Regions: E=young(eden), S=young(survivor), O=old, HS=humongous(starts), HC=humongous(continues), CS=collection set, F=free, A=archive, TAMS=top-at-mark-start (previous, next)
|   0|0x0000000700c00000, 0x0000000700d00000, 0x0000000700d00000|100%|HS|  |TAMS 0x0000000700c00000, 0x0000000700c00000| Complete 
|   1|0x0000000700d00000, 0x0000000700e00000, 0x0000000700e00000|100%|HC|  |TAMS 0x0000000700d00000, 0x0000000700d00000| Complete 
|   2|0x0000000700e00000, 0x0000000700f00000, 0x0000000700f00000|100%|HC|  |TAMS 0x0000000700e00000, 0x0000000700e00000| Complete 
|   3|0x0000000700f00000, 0x0000000701000000, 0x0000000701000000|100%|HS|  |TAMS 0x0000000700f00000, 0x0000000700f00000| Complete 
|   4|0x0000000701000000, 0x0000000701100000, 0x0000000701100000|100%|HC|  |TAMS 0x0000000701000000, 0x0000000701000000| Complete 
|   5|0x0000000701100000, 0x0000000701200000, 0x0000000701200000|100%|HC|  |TAMS 0x0000000701100000, 0x0000000701100000| Complete 
|   6|0x0000000701200000, 0x0000000701300000, 0x0000000701300000|100%|HS|  |TAMS 0x0000000701200000, 0x0000000701200000| Complete 
|   7|0x0000000701300000, 0x0000000701400000, 0x0000000701400000|100%|HC|  |TAMS 0x0000000701300000, 0x0000000701300000| Complete 
|   8|0x0000000701400000, 0x0000000701500000, 0x0000000701500000|100%|HC|  |TAMS 0x0000000701400000, 0x0000000701400000| Complete 
|   9|0x0000000701500000, 0x0000000701600000, 0x0000000701600000|100%|HS|  |TAMS 0x0000000701500000, 0x0000000701500000| Complete 
|  10|0x0000000701600000, 0x0000000701700000, 0x0000000701700000|100%|HC|  |TAMS 0x0000000701600000, 0x0000000701600000| Complete 
|  11|0x0000000701700000, 0x0000000701800000, 0x0000000701800000|100%|HC|  |TAMS 0x0000000701700000, 0x0000000701700000| Complete 
|  12|0x0000000701800000, 0x0000000701900000, 0x0000000701900000|100%|HS|  |TAMS 0x0000000701800000, 0x0000000701800000| Complete 
|  13|0x0000000701900000, 0x0000000701a00000, 0x0000000701a00000|100%|HC|  |TAMS 0x0000000701900000, 0x0000000701900000| Complete 
|  14|0x0000000701a00000, 0x0000000701b00000, 0x0000000701b00000|100%|HC|  |TAMS 0x0000000701a00000, 0x0000000701a00000| Complete 
|  15|0x0000000701b00000, 0x0000000701b8ee00, 0x0000000701c00000| 55%| O|  |TAMS 0x0000000701b00000, 0x0000000701b00000| Untracked 
|  16|0x0000000701c00000, 0x0000000701d00000, 0x0000000701d00000|100%|HS|  |TAMS 0x0000000701c00000, 0x0000000701c00000| Complete 
|  17|0x0000000701d00000, 0x0000000701e00000, 0x0000000701e00000|100%|HC|  |TAMS 0x0000000701d00000, 0x0000000701d00000| Complete 
|  18|0x0000000701e00000, 0x0000000701f00000, 0x0000000701f00000|100%|HC|  |TAMS 0x0000000701e00000, 0x0000000701e00000| Complete 
|  19|0x0000000701f00000, 0x0000000701f00000, 0x0000000702000000|  0%| F|  |TAMS 0x0000000701f00000, 0x0000000701f00000| Untracked 
|  20|0x0000000702000000, 0x0000000702000000, 0x0000000702100000|  0%| F|  |TAMS 0x0000000702000000, 0x0000000702000000| Untracked 
|  21|0x0000000702100000, 0x0000000702100000, 0x0000000702200000|  0%| F|  |TAMS 0x0000000702100000, 0x0000000702100000| Untracked 
|  22|0x0000000702200000, 0x0000000702200000, 0x0000000702300000|  0%| F|  |TAMS 0x0000000702200000, 0x0000000702200000| Untracked 
|  23|0x0000000702300000, 0x0000000702300000, 0x0000000702400000|  0%| F|  |TAMS 0x0000000702300000, 0x0000000702300000| Untracked 
|  24|0x0000000702400000, 0x0000000702400000, 0x0000000702500000|  0%| F|  |TAMS 0x0000000702400000, 0x0000000702400000| Untracked 
|  25|0x0000000702500000, 0x0000000702500000, 0x0000000702600000|  0%| F|  |TAMS 0x0000000702500000, 0x0000000702500000| Untracked 
|  26|0x0000000702600000, 0x0000000702600000, 0x0000000702700000|  0%| F|  |TAMS 0x0000000702600000, 0x0000000702600000| Untracked 
|  27|0x0000000702700000, 0x0000000702700000, 0x0000000702800000|  0%| F|  |TAMS 0x0000000702700000, 0x0000000702700000| Untracked 
|  28|0x0000000702800000, 0x0000000702800000, 0x0000000702900000|  0%| F|  |TAMS 0x0000000702800000, 0x0000000702800000| Untracked 
|  29|0x0000000702900000, 0x0000000702900000, 0x0000000702a00000|  0%| F|  |TAMS 0x0000000702900000, 0x0000000702900000| Untracked 
|  30|0x0000000702a00000, 0x0000000702a00000, 0x0000000702b00000|  0%| F|  |TAMS 0x0000000702a00000, 0x0000000702a00000| Untracked 
|  31|0x0000000702b00000, 0x0000000702b00000, 0x0000000702c00000|  0%| F|  |TAMS 0x0000000702b00000, 0x0000000702b00000| Untracked 
|  32|0x0000000702c00000, 0x0000000702c00000, 0x0000000702d00000|  0%| F|  |TAMS 0x0000000702c00000, 0x0000000702c00000| Untracked 
|  33|0x0000000702d00000, 0x0000000702d00000, 0x0000000702e00000|  0%| F|  |TAMS 0x0000000702d00000, 0x0000000702d00000| Untracked 
|  34|0x0000000702e00000, 0x0000000702e00000, 0x0000000702f00000|  0%| F|  |TAMS 0x0000000702e00000, 0x0000000702e00000| Untracked 
|  35|0x0000000702f00000, 0x0000000702f00000, 0x0000000703000000|  0%| F|  |TAMS 0x0000000702f00000, 0x0000000702f00000| Untracked 
|  36|0x0000000703000000, 0x0000000703000000, 0x0000000703100000|  0%| F|  |TAMS 0x0000000703000000, 0x0000000703000000| Untracked 
|  37|0x0000000703100000, 0x0000000703100000, 0x0000000703200000|  0%| F|  |TAMS 0x0000000703100000, 0x0000000703100000| Untracked 
|  38|0x0000000703200000, 0x0000000703200000, 0x0000000703300000|  0%| F|  |TAMS 0x0000000703200000, 0x0000000703200000| Untracked 
|  39|0x0000000703300000, 0x0000000703300000, 0x0000000703400000|  0%| F|  |TAMS 0x0000000703300000, 0x0000000703300000| Untracked 
|  40|0x0000000703400000, 0x0000000703400000, 0x0000000703500000|  0%| F|  |TAMS 0x0000000703400000, 0x0000000703400000| Untracked 
|  41|0x0000000703500000, 0x0000000703500000, 0x0000000703600000|  0%| F|  |TAMS 0x0000000703500000, 0x0000000703500000| Untracked 
|  42|0x0000000703600000, 0x0000000703600000, 0x0000000703700000|  0%| F|  |TAMS 0x0000000703600000, 0x0000000703600000| Untracked 
|  43|0x0000000703700000, 0x0000000703700000, 0x0000000703800000|  0%| F|  |TAMS 0x0000000703700000, 0x0000000703700000| Untracked 
|  44|0x0000000703800000, 0x0000000703800000, 0x0000000703900000|  0%| F|  |TAMS 0x0000000703800000, 0x0000000703800000| Untracked 
|  45|0x0000000703900000, 0x0000000703900000, 0x0000000703a00000|  0%| F|  |TAMS 0x0000000703900000, 0x0000000703900000| Untracked 
|  46|0x0000000703a00000, 0x0000000703a00000, 0x0000000703b00000|  0%| F|  |TAMS 0x0000000703a00000, 0x0000000703a00000| Untracked 
|  47|0x0000000703b00000, 0x0000000703b00000, 0x0000000703c00000|  0%| F|  |TAMS 0x0000000703b00000, 0x0000000703b00000| Untracked 
|  48|0x0000000703c00000, 0x0000000703c00000, 0x0000000703d00000|  0%| F|  |TAMS 0x0000000703c00000, 0x0000000703c00000| Untracked 
|  49|0x0000000703d00000, 0x0000000703d00000, 0x0000000703e00000|  0%| F|  |TAMS 0x0000000703d00000, 0x0000000703d00000| Untracked 
|  50|0x0000000703e00000, 0x0000000703e00000, 0x0000000703f00000|  0%| F|  |TAMS 0x0000000703e00000, 0x0000000703e00000| Untracked 
|  51|0x0000000703f00000, 0x0000000703f00000, 0x0000000704000000|  0%| F|  |TAMS 0x0000000703f00000, 0x0000000703f00000| Untracked 
|  52|0x0000000704000000, 0x0000000704000000, 0x0000000704100000|  0%| F|  |TAMS 0x0000000704000000, 0x0000000704000000| Untracked 
|  53|0x0000000704100000, 0x0000000704100000, 0x0000000704200000|  0%| F|  |TAMS 0x0000000704100000, 0x0000000704100000| Untracked 
|  54|0x0000000704200000, 0x0000000704200000, 0x0000000704300000|  0%| F|  |TAMS 0x0000000704200000, 0x0000000704200000| Untracked 
|  55|0x0000000704300000, 0x0000000704300000, 0x0000000704400000|  0%| F|  |TAMS 0x0000000704300000, 0x0000000704300000| Untracked 
|  56|0x0000000704400000, 0x0000000704400000, 0x0000000704500000|  0%| F|  |TAMS 0x0000000704400000, 0x0000000704400000| Untracked 
|  57|0x0000000704500000, 0x0000000704500000, 0x0000000704600000|  0%| F|  |TAMS 0x0000000704500000, 0x0000000704500000| Untracked 
|  58|0x0000000704600000, 0x0000000704600000, 0x0000000704700000|  0%| F|  |TAMS 0x0000000704600000, 0x0000000704600000| Untracked 
|  59|0x0000000704700000, 0x0000000704700000, 0x0000000704800000|  0%| F|  |TAMS 0x0000000704700000, 0x0000000704700000| Untracked 
|  60|0x0000000704800000, 0x0000000704800000, 0x0000000704900000|  0%| F|  |TAMS 0x0000000704800000, 0x0000000704800000| Untracked 
|  61|0x0000000704900000, 0x0000000704900000, 0x0000000704a00000|  0%| F|  |TAMS 0x0000000704900000, 0x0000000704900000| Untracked 
|  62|0x0000000704a00000, 0x0000000704a00000, 0x0000000704b00000|  0%| F|  |TAMS 0x0000000704a00000, 0x0000000704a00000| Untracked 
|  63|0x0000000704b00000, 0x0000000704b00000, 0x0000000704c00000|  0%| F|  |TAMS 0x0000000704b00000, 0x0000000704b00000| Untracked 
|  64|0x0000000704c00000, 0x0000000704c00000, 0x0000000704d00000|  0%| F|  |TAMS 0x0000000704c00000, 0x0000000704c00000| Untracked 
|  65|0x0000000704d00000, 0x0000000704d00000, 0x0000000704e00000|  0%| F|  |TAMS 0x0000000704d00000, 0x0000000704d00000| Untracked 
|  66|0x0000000704e00000, 0x0000000704e00000, 0x0000000704f00000|  0%| F|  |TAMS 0x0000000704e00000, 0x0000000704e00000| Untracked 
|  67|0x0000000704f00000, 0x0000000704f00000, 0x0000000705000000|  0%| F|  |TAMS 0x0000000704f00000, 0x0000000704f00000| Untracked 
|  68|0x0000000705000000, 0x0000000705000000, 0x0000000705100000|  0%| F|  |TAMS 0x0000000705000000, 0x0000000705000000| Untracked 
|  69|0x0000000705100000, 0x0000000705100000, 0x0000000705200000|  0%| F|  |TAMS 0x0000000705100000, 0x0000000705100000| Untracked 
|  70|0x0000000705200000, 0x0000000705200000, 0x0000000705300000|  0%| F|  |TAMS 0x0000000705200000, 0x0000000705200000| Untracked 
|  71|0x0000000705300000, 0x0000000705300000, 0x0000000705400000|  0%| F|  |TAMS 0x0000000705300000, 0x0000000705300000| Untracked 
|  72|0x0000000705400000, 0x0000000705400000, 0x0000000705500000|  0%| F|  |TAMS 0x0000000705400000, 0x0000000705400000| Untracked 
|  73|0x0000000705500000, 0x0000000705500000, 0x0000000705600000|  0%| F|  |TAMS 0x0000000705500000, 0x0000000705500000| Untracked 
|  74|0x0000000705600000, 0x0000000705600000, 0x0000000705700000|  0%| F|  |TAMS 0x0000000705600000, 0x0000000705600000| Untracked 
|  75|0x0000000705700000, 0x0000000705700000, 0x0000000705800000|  0%| F|  |TAMS 0x0000000705700000, 0x0000000705700000| Untracked 
|  76|0x0000000705800000, 0x0000000705800000, 0x0000000705900000|  0%| F|  |TAMS 0x0000000705800000, 0x0000000705800000| Untracked 
|  77|0x0000000705900000, 0x0000000705900000, 0x0000000705a00000|  0%| F|  |TAMS 0x0000000705900000, 0x0000000705900000| Untracked 
|  78|0x0000000705a00000, 0x0000000705a00000, 0x0000000705b00000|  0%| F|  |TAMS 0x0000000705a00000, 0x0000000705a00000| Untracked 
|  79|0x0000000705b00000, 0x0000000705b00000, 0x0000000705c00000|  0%| F|  |TAMS 0x0000000705b00000, 0x0000000705b00000| Untracked 
|  80|0x0000000705c00000, 0x0000000705c00000, 0x0000000705d00000|  0%| F|  |TAMS 0x0000000705c00000, 0x0000000705c00000| Untracked 
|  81|0x0000000705d00000, 0x0000000705d00000, 0x0000000705e00000|  0%| F|  |TAMS 0x0000000705d00000, 0x0000000705d00000| Untracked 
|  82|0x0000000705e00000, 0x0000000705e00000, 0x0000000705f00000|  0%| F|  |TAMS 0x0000000705e00000, 0x0000000705e00000| Untracked 
|  83|0x0000000705f00000, 0x0000000705f00000, 0x0000000706000000|  0%| F|  |TAMS 0x0000000705f00000, 0x0000000705f00000| Untracked 
|  84|0x0000000706000000, 0x0000000706000000, 0x0000000706100000|  0%| F|  |TAMS 0x0000000706000000, 0x0000000706000000| Untracked 
|  85|0x0000000706100000, 0x0000000706100000, 0x0000000706200000|  0%| F|  |TAMS 0x0000000706100000, 0x0000000706100000| Untracked 
|  86|0x0000000706200000, 0x0000000706200000, 0x0000000706300000|  0%| F|  |TAMS 0x0000000706200000, 0x0000000706200000| Untracked 
|  87|0x0000000706300000, 0x0000000706300000, 0x0000000706400000|  0%| F|  |TAMS 0x0000000706300000, 0x0000000706300000| Untracked 
|  88|0x0000000706400000, 0x0000000706400000, 0x0000000706500000|  0%| F|  |TAMS 0x0000000706400000, 0x0000000706400000| Untracked 
|  89|0x0000000706500000, 0x0000000706500000, 0x0000000706600000|  0%| F|  |TAMS 0x0000000706500000, 0x0000000706500000| Untracked 
|  90|0x0000000706600000, 0x0000000706600000, 0x0000000706700000|  0%| F|  |TAMS 0x0000000706600000, 0x0000000706600000| Untracked 
|  91|0x0000000706700000, 0x0000000706700000, 0x0000000706800000|  0%| F|  |TAMS 0x0000000706700000, 0x0000000706700000| Untracked 
|  92|0x0000000706800000, 0x0000000706800000, 0x0000000706900000|  0%| F|  |TAMS 0x0000000706800000, 0x0000000706800000| Untracked 
|  93|0x0000000706900000, 0x0000000706900000, 0x0000000706a00000|  0%| F|  |TAMS 0x0000000706900000, 0x0000000706900000| Untracked 
|  94|0x0000000706a00000, 0x0000000706a00000, 0x0000000706b00000|  0%| F|  |TAMS 0x0000000706a00000, 0x0000000706a00000| Untracked 
|  95|0x0000000706b00000, 0x0000000706b00000, 0x0000000706c00000|  0%| F|  |TAMS 0x0000000706b00000, 0x0000000706b00000| Untracked 
|  96|0x0000000706c00000, 0x0000000706c00000, 0x0000000706d00000|  0%| F|  |TAMS 0x0000000706c00000, 0x0000000706c00000| Untracked 
|  97|0x0000000706d00000, 0x0000000706d00000, 0x0000000706e00000|  0%| F|  |TAMS 0x0000000706d00000, 0x0000000706d00000| Untracked 
|  98|0x0000000706e00000, 0x0000000706e00000, 0x0000000706f00000|  0%| F|  |TAMS 0x0000000706e00000, 0x0000000706e00000| Untracked 
|  99|0x0000000706f00000, 0x0000000706f00000, 0x0000000707000000|  0%| F|  |TAMS 0x0000000706f00000, 0x0000000706f00000| Untracked 
| 100|0x0000000707000000, 0x0000000707000000, 0x0000000707100000|  0%| F|  |TAMS 0x0000000707000000, 0x0000000707000000| Untracked 
| 101|0x0000000707100000, 0x0000000707100000, 0x0000000707200000|  0%| F|  |TAMS 0x0000000707100000, 0x0000000707100000| Untracked 
| 102|0x0000000707200000, 0x0000000707200000, 0x0000000707300000|  0%| F|  |TAMS 0x0000000707200000, 0x0000000707200000| Untracked 
| 103|0x0000000707300000, 0x0000000707300000, 0x0000000707400000|  0%| F|  |TAMS 0x0000000707300000, 0x0000000707300000| Untracked 
| 104|0x0000000707400000, 0x0000000707400000, 0x0000000707500000|  0%| F|  |TAMS 0x0000000707400000, 0x0000000707400000| Untracked 
| 105|0x0000000707500000, 0x0000000707500000, 0x0000000707600000|  0%| F|  |TAMS 0x0000000707500000, 0x0000000707500000| Untracked 
| 106|0x0000000707600000, 0x0000000707600000, 0x0000000707700000|  0%| F|  |TAMS 0x0000000707600000, 0x0000000707600000| Untracked 
| 107|0x0000000707700000, 0x0000000707700000, 0x0000000707800000|  0%| F|  |TAMS 0x0000000707700000, 0x0000000707700000| Untracked 
| 108|0x0000000707800000, 0x0000000707800000, 0x0000000707900000|  0%| F|  |TAMS 0x0000000707800000, 0x0000000707800000| Untracked 
| 109|0x0000000707900000, 0x0000000707900000, 0x0000000707a00000|  0%| F|  |TAMS 0x0000000707900000, 0x0000000707900000| Untracked 
| 110|0x0000000707a00000, 0x0000000707a00000, 0x0000000707b00000|  0%| F|  |TAMS 0x0000000707a00000, 0x0000000707a00000| Untracked 
| 111|0x0000000707b00000, 0x0000000707b00000, 0x0000000707c00000|  0%| F|  |TAMS 0x0000000707b00000, 0x0000000707b00000| Untracked 
| 112|0x0000000707c00000, 0x0000000707c00000, 0x0000000707d00000|  0%| F|  |TAMS 0x0000000707c00000, 0x0000000707c00000| Untracked 
| 113|0x0000000707d00000, 0x0000000707d00000, 0x0000000707e00000|  0%| F|  |TAMS 0x0000000707d00000, 0x0000000707d00000| Untracked 
| 114|0x0000000707e00000, 0x0000000707e00000, 0x0000000707f00000|  0%| F|  |TAMS 0x0000000707e00000, 0x0000000707e00000| Untracked 
| 115|0x0000000707f00000, 0x0000000707f00000, 0x0000000708000000|  0%| F|  |TAMS 0x0000000707f00000, 0x0000000707f00000| Untracked 
| 116|0x0000000708000000, 0x0000000708000000, 0x0000000708100000|  0%| F|  |TAMS 0x0000000708000000, 0x0000000708000000| Untracked 
| 117|0x0000000708100000, 0x0000000708100000, 0x0000000708200000|  0%| F|  |TAMS 0x0000000708100000, 0x0000000708100000| Untracked 
| 118|0x0000000708200000, 0x0000000708200000, 0x0000000708300000|  0%| F|  |TAMS 0x0000000708200000, 0x0000000708200000| Untracked 
| 119|0x0000000708300000, 0x0000000708300000, 0x0000000708400000|  0%| F|  |TAMS 0x0000000708300000, 0x0000000708300000| Untracked 
| 120|0x0000000708400000, 0x0000000708400000, 0x0000000708500000|  0%| F|  |TAMS 0x0000000708400000, 0x0000000708400000| Untracked 
| 121|0x0000000708500000, 0x0000000708500000, 0x0000000708600000|  0%| F|  |TAMS 0x0000000708500000, 0x0000000708500000| Untracked 
| 122|0x0000000708600000, 0x0000000708600000, 0x0000000708700000|  0%| F|  |TAMS 0x0000000708600000, 0x0000000708600000| Untracked 
| 123|0x0000000708700000, 0x0000000708700000, 0x0000000708800000|  0%| F|  |TAMS 0x0000000708700000, 0x0000000708700000| Untracked 
| 124|0x0000000708800000, 0x0000000708800000, 0x0000000708900000|  0%| F|  |TAMS 0x0000000708800000, 0x0000000708800000| Untracked 
| 125|0x0000000708900000, 0x0000000708900000, 0x0000000708a00000|  0%| F|  |TAMS 0x0000000708900000, 0x0000000708900000| Untracked 
| 126|0x0000000708a00000, 0x0000000708a00000, 0x0000000708b00000|  0%| F|  |TAMS 0x0000000708a00000, 0x0000000708a00000| Untracked 
| 127|0x0000000708b00000, 0x0000000708b00000, 0x0000000708c00000|  0%| F|  |TAMS 0x0000000708b00000, 0x0000000708b00000| Untracked 
| 128|0x0000000708c00000, 0x0000000708c00000, 0x0000000708d00000|  0%| F|  |TAMS 0x0000000708c00000, 0x0000000708c00000| Untracked 
| 129|0x0000000708d00000, 0x0000000708d00000, 0x0000000708e00000|  0%| F|  |TAMS 0x0000000708d00000, 0x0000000708d00000| Untracked 
| 130|0x0000000708e00000, 0x0000000708e00000, 0x0000000708f00000|  0%| F|  |TAMS 0x0000000708e00000, 0x0000000708e00000| Untracked 
| 131|0x0000000708f00000, 0x0000000708f00000, 0x0000000709000000|  0%| F|  |TAMS 0x0000000708f00000, 0x0000000708f00000| Untracked 
| 132|0x0000000709000000, 0x0000000709000000, 0x0000000709100000|  0%| F|  |TAMS 0x0000000709000000, 0x0000000709000000| Untracked 
| 133|0x0000000709100000, 0x0000000709100000, 0x0000000709200000|  0%| F|  |TAMS 0x0000000709100000, 0x0000000709100000| Untracked 
| 134|0x0000000709200000, 0x0000000709200000, 0x0000000709300000|  0%| F|  |TAMS 0x0000000709200000, 0x0000000709200000| Untracked 
| 135|0x0000000709300000, 0x0000000709300000, 0x0000000709400000|  0%| F|  |TAMS 0x0000000709300000, 0x0000000709300000| Untracked 
| 136|0x0000000709400000, 0x0000000709400000, 0x0000000709500000|  0%| F|  |TAMS 0x0000000709400000, 0x0000000709400000| Untracked 
| 137|0x0000000709500000, 0x0000000709500000, 0x0000000709600000|  0%| F|  |TAMS 0x0000000709500000, 0x0000000709500000| Untracked 
| 138|0x0000000709600000, 0x0000000709600000, 0x0000000709700000|  0%| F|  |TAMS 0x0000000709600000, 0x0000000709600000| Untracked 
| 139|0x0000000709700000, 0x0000000709700000, 0x0000000709800000|  0%| F|  |TAMS 0x0000000709700000, 0x0000000709700000| Untracked 
| 140|0x0000000709800000, 0x0000000709800000, 0x0000000709900000|  0%| F|  |TAMS 0x0000000709800000, 0x0000000709800000| Untracked 
| 141|0x0000000709900000, 0x0000000709900000, 0x0000000709a00000|  0%| F|  |TAMS 0x0000000709900000, 0x0000000709900000| Untracked 
| 142|0x0000000709a00000, 0x0000000709a00000, 0x0000000709b00000|  0%| F|  |TAMS 0x0000000709a00000, 0x0000000709a00000| Untracked 
| 143|0x0000000709b00000, 0x0000000709b00000, 0x0000000709c00000|  0%| F|  |TAMS 0x0000000709b00000, 0x0000000709b00000| Untracked 
| 144|0x0000000709c00000, 0x0000000709c00000, 0x0000000709d00000|  0%| F|  |TAMS 0x0000000709c00000, 0x0000000709c00000| Untracked 
| 145|0x0000000709d00000, 0x0000000709d00000, 0x0000000709e00000|  0%| F|  |TAMS 0x0000000709d00000, 0x0000000709d00000| Untracked 
| 146|0x0000000709e00000, 0x0000000709e00000, 0x0000000709f00000|  0%| F|  |TAMS 0x0000000709e00000, 0x0000000709e00000| Untracked 
| 147|0x0000000709f00000, 0x0000000709f00000, 0x000000070a000000|  0%| F|  |TAMS 0x0000000709f00000, 0x0000000709f00000| Untracked 
| 148|0x000000070a000000, 0x000000070a000000, 0x000000070a100000|  0%| F|  |TAMS 0x000000070a000000, 0x000000070a000000| Untracked 
| 149|0x000000070a100000, 0x000000070a100000, 0x000000070a200000|  0%| F|  |TAMS 0x000000070a100000, 0x000000070a100000| Untracked 
| 150|0x000000070a200000, 0x000000070a200000, 0x000000070a300000|  0%| F|  |TAMS 0x000000070a200000, 0x000000070a200000| Untracked 
| 151|0x000000070a300000, 0x000000070a300000, 0x000000070a400000|  0%| F|  |TAMS 0x000000070a300000, 0x000000070a300000| Untracked 
| 152|0x000000070a400000, 0x000000070a400000, 0x000000070a500000|  0%| F|  |TAMS 0x000000070a400000, 0x000000070a400000| Untracked 
| 153|0x000000070a500000, 0x000000070a500000, 0x000000070a600000|  0%| F|  |TAMS 0x000000070a500000, 0x000000070a500000| Untracked 
| 154|0x000000070a600000, 0x000000070a600000, 0x000000070a700000|  0%| F|  |TAMS 0x000000070a600000, 0x000000070a600000| Untracked 
| 155|0x000000070a700000, 0x000000070a700000, 0x000000070a800000|  0%| F|  |TAMS 0x000000070a700000, 0x000000070a700000| Untracked 
| 156|0x000000070a800000, 0x000000070a800000, 0x000000070a900000|  0%| F|  |TAMS 0x000000070a800000, 0x000000070a800000| Untracked 
| 157|0x000000070a900000, 0x000000070a900000, 0x000000070aa00000|  0%| F|  |TAMS 0x000000070a900000, 0x000000070a900000| Untracked 
| 158|0x000000070aa00000, 0x000000070aa00000, 0x000000070ab00000|  0%| F|  |TAMS 0x000000070aa00000, 0x000000070aa00000| Untracked 
| 159|0x000000070ab00000, 0x000000070ab00000, 0x000000070ac00000|  0%| F|  |TAMS 0x000000070ab00000, 0x000000070ab00000| Untracked 
| 160|0x000000070ac00000, 0x000000070ac00000, 0x000000070ad00000|  0%| F|  |TAMS 0x000000070ac00000, 0x000000070ac00000| Untracked 
| 161|0x000000070ad00000, 0x000000070ad00000, 0x000000070ae00000|  0%| F|  |TAMS 0x000000070ad00000, 0x000000070ad00000| Untracked 
| 162|0x000000070ae00000, 0x000000070ae00000, 0x000000070af00000|  0%| F|  |TAMS 0x000000070ae00000, 0x000000070ae00000| Untracked 
| 163|0x000000070af00000, 0x000000070af00000, 0x000000070b000000|  0%| F|  |TAMS 0x000000070af00000, 0x000000070af00000| Untracked 
| 164|0x000000070b000000, 0x000000070b000000, 0x000000070b100000|  0%| F|  |TAMS 0x000000070b000000, 0x000000070b000000| Untracked 
| 165|0x000000070b100000, 0x000000070b100000, 0x000000070b200000|  0%| F|  |TAMS 0x000000070b100000, 0x000000070b100000| Untracked 
| 166|0x000000070b200000, 0x000000070b200000, 0x000000070b300000|  0%| F|  |TAMS 0x000000070b200000, 0x000000070b200000| Untracked 
| 167|0x000000070b300000, 0x000000070b300000, 0x000000070b400000|  0%| F|  |TAMS 0x000000070b300000, 0x000000070b300000| Untracked 
| 168|0x000000070b400000, 0x000000070b400000, 0x000000070b500000|  0%| F|  |TAMS 0x000000070b400000, 0x000000070b400000| Untracked 
| 169|0x000000070b500000, 0x000000070b500000, 0x000000070b600000|  0%| F|  |TAMS 0x000000070b500000, 0x000000070b500000| Untracked 
| 170|0x000000070b600000, 0x000000070b600000, 0x000000070b700000|  0%| F|  |TAMS 0x000000070b600000, 0x000000070b600000| Untracked 
| 171|0x000000070b700000, 0x000000070b700000, 0x000000070b800000|  0%| F|  |TAMS 0x000000070b700000, 0x000000070b700000| Untracked 
| 172|0x000000070b800000, 0x000000070b800000, 0x000000070b900000|  0%| F|  |TAMS 0x000000070b800000, 0x000000070b800000| Untracked 
| 173|0x000000070b900000, 0x000000070b900000, 0x000000070ba00000|  0%| F|  |TAMS 0x000000070b900000, 0x000000070b900000| Untracked 
| 174|0x000000070ba00000, 0x000000070ba00000, 0x000000070bb00000|  0%| F|  |TAMS 0x000000070ba00000, 0x000000070ba00000| Untracked 
| 175|0x000000070bb00000, 0x000000070bb00000, 0x000000070bc00000|  0%| F|  |TAMS 0x000000070bb00000, 0x000000070bb00000| Untracked 
| 176|0x000000070bc00000, 0x000000070bc00000, 0x000000070bd00000|  0%| F|  |TAMS 0x000000070bc00000, 0x000000070bc00000| Untracked 
| 177|0x000000070bd00000, 0x000000070bd00000, 0x000000070be00000|  0%| F|  |TAMS 0x000000070bd00000, 0x000000070bd00000| Untracked 
| 178|0x000000070be00000, 0x000000070be00000, 0x000000070bf00000|  0%| F|  |TAMS 0x000000070be00000, 0x000000070be00000| Untracked 
| 179|0x000000070bf00000, 0x000000070bf00000, 0x000000070c000000|  0%| F|  |TAMS 0x000000070bf00000, 0x000000070bf00000| Untracked 
| 180|0x000000070c000000, 0x000000070c000000, 0x000000070c100000|  0%| F|  |TAMS 0x000000070c000000, 0x000000070c000000| Untracked 
| 181|0x000000070c100000, 0x000000070c100000, 0x000000070c200000|  0%| F|  |TAMS 0x000000070c100000, 0x000000070c100000| Untracked 
| 182|0x000000070c200000, 0x000000070c200000, 0x000000070c300000|  0%| F|  |TAMS 0x000000070c200000, 0x000000070c200000| Untracked 
| 183|0x000000070c300000, 0x000000070c300000, 0x000000070c400000|  0%| F|  |TAMS 0x000000070c300000, 0x000000070c300000| Untracked 
| 184|0x000000070c400000, 0x000000070c400000, 0x000000070c500000|  0%| F|  |TAMS 0x000000070c400000, 0x000000070c400000| Untracked 
| 185|0x000000070c500000, 0x000000070c500000, 0x000000070c600000|  0%| F|  |TAMS 0x000000070c500000, 0x000000070c500000| Untracked 
| 186|0x000000070c600000, 0x000000070c600000, 0x000000070c700000|  0%| F|  |TAMS 0x000000070c600000, 0x000000070c600000| Untracked 
| 187|0x000000070c700000, 0x000000070c700000, 0x000000070c800000|  0%| F|  |TAMS 0x000000070c700000, 0x000000070c700000| Untracked 
| 188|0x000000070c800000, 0x000000070c800000, 0x000000070c900000|  0%| F|  |TAMS 0x000000070c800000, 0x000000070c800000| Untracked 
| 189|0x000000070c900000, 0x000000070c900000, 0x000000070ca00000|  0%| F|  |TAMS 0x000000070c900000, 0x000000070c900000| Untracked 
| 190|0x000000070ca00000, 0x000000070ca00000, 0x000000070cb00000|  0%| F|  |TAMS 0x000000070ca00000, 0x000000070ca00000| Untracked 
| 191|0x000000070cb00000, 0x000000070cb00000, 0x000000070cc00000|  0%| F|  |TAMS 0x000000070cb00000, 0x000000070cb00000| Untracked 
| 192|0x000000070cc00000, 0x000000070cc00000, 0x000000070cd00000|  0%| F|  |TAMS 0x000000070cc00000, 0x000000070cc00000| Untracked 
| 193|0x000000070cd00000, 0x000000070cd00000, 0x000000070ce00000|  0%| F|  |TAMS 0x000000070cd00000, 0x000000070cd00000| Untracked 
| 194|0x000000070ce00000, 0x000000070ce00000, 0x000000070cf00000|  0%| F|  |TAMS 0x000000070ce00000, 0x000000070ce00000| Untracked 
| 195|0x000000070cf00000, 0x000000070cf00000, 0x000000070d000000|  0%| F|  |TAMS 0x000000070cf00000, 0x000000070cf00000| Untracked 
| 196|0x000000070d000000, 0x000000070d000000, 0x000000070d100000|  0%| F|  |TAMS 0x000000070d000000, 0x000000070d000000| Untracked 
| 197|0x000000070d100000, 0x000000070d100000, 0x000000070d200000|  0%| F|  |TAMS 0x000000070d100000, 0x000000070d100000| Untracked 
| 198|0x000000070d200000, 0x000000070d200000, 0x000000070d300000|  0%| F|  |TAMS 0x000000070d200000, 0x000000070d200000| Untracked 
| 199|0x000000070d300000, 0x000000070d300000, 0x000000070d400000|  0%| F|  |TAMS 0x000000070d300000, 0x000000070d300000| Untracked 
| 200|0x000000070d400000, 0x000000070d400000, 0x000000070d500000|  0%| F|  |TAMS 0x000000070d400000, 0x000000070d400000| Untracked 
| 201|0x000000070d500000, 0x000000070d500000, 0x000000070d600000|  0%| F|  |TAMS 0x000000070d500000, 0x000000070d500000| Untracked 
| 202|0x000000070d600000, 0x000000070d600000, 0x000000070d700000|  0%| F|  |TAMS 0x000000070d600000, 0x000000070d600000| Untracked 
| 203|0x000000070d700000, 0x000000070d700000, 0x000000070d800000|  0%| F|  |TAMS 0x000000070d700000, 0x000000070d700000| Untracked 
| 204|0x000000070d800000, 0x000000070d800000, 0x000000070d900000|  0%| F|  |TAMS 0x000000070d800000, 0x000000070d800000| Untracked 
| 205|0x000000070d900000, 0x000000070d900000, 0x000000070da00000|  0%| F|  |TAMS 0x000000070d900000, 0x000000070d900000| Untracked 
| 206|0x000000070da00000, 0x000000070da00000, 0x000000070db00000|  0%| F|  |TAMS 0x000000070da00000, 0x000000070da00000| Untracked 
| 207|0x000000070db00000, 0x000000070db00000, 0x000000070dc00000|  0%| F|  |TAMS 0x000000070db00000, 0x000000070db00000| Untracked 
| 208|0x000000070dc00000, 0x000000070dc00000, 0x000000070dd00000|  0%| F|  |TAMS 0x000000070dc00000, 0x000000070dc00000| Untracked 
| 209|0x000000070dd00000, 0x000000070dd00000, 0x000000070de00000|  0%| F|  |TAMS 0x000000070dd00000, 0x000000070dd00000| Untracked 
| 210|0x000000070de00000, 0x000000070de00000, 0x000000070df00000|  0%| F|  |TAMS 0x000000070de00000, 0x000000070de00000| Untracked 
| 211|0x000000070df00000, 0x000000070df00000, 0x000000070e000000|  0%| F|  |TAMS 0x000000070df00000, 0x000000070df00000| Untracked 
| 212|0x000000070e000000, 0x000000070e000000, 0x000000070e100000|  0%| F|  |TAMS 0x000000070e000000, 0x000000070e000000| Untracked 
| 213|0x000000070e100000, 0x000000070e100000, 0x000000070e200000|  0%| F|  |TAMS 0x000000070e100000, 0x000000070e100000| Untracked 
| 214|0x000000070e200000, 0x000000070e200000, 0x000000070e300000|  0%| F|  |TAMS 0x000000070e200000, 0x000000070e200000| Untracked 
| 215|0x000000070e300000, 0x000000070e300000, 0x000000070e400000|  0%| F|  |TAMS 0x000000070e300000, 0x000000070e300000| Untracked 
| 216|0x000000070e400000, 0x000000070e400000, 0x000000070e500000|  0%| F|  |TAMS 0x000000070e400000, 0x000000070e400000| Untracked 
| 217|0x000000070e500000, 0x000000070e500000, 0x000000070e600000|  0%| F|  |TAMS 0x000000070e500000, 0x000000070e500000| Untracked 
| 218|0x000000070e600000, 0x000000070e600000, 0x000000070e700000|  0%| F|  |TAMS 0x000000070e600000, 0x000000070e600000| Untracked 
| 219|0x000000070e700000, 0x000000070e700000, 0x000000070e800000|  0%| F|  |TAMS 0x000000070e700000, 0x000000070e700000| Untracked 
| 220|0x000000070e800000, 0x000000070e800000, 0x000000070e900000|  0%| F|  |TAMS 0x000000070e800000, 0x000000070e800000| Untracked 
| 221|0x000000070e900000, 0x000000070e900000, 0x000000070ea00000|  0%| F|  |TAMS 0x000000070e900000, 0x000000070e900000| Untracked 
| 222|0x000000070ea00000, 0x000000070ea00000, 0x000000070eb00000|  0%| F|  |TAMS 0x000000070ea00000, 0x000000070ea00000| Untracked 
| 223|0x000000070eb00000, 0x000000070eb00000, 0x000000070ec00000|  0%| F|  |TAMS 0x000000070eb00000, 0x000000070eb00000| Untracked 
| 224|0x000000070ec00000, 0x000000070ec00000, 0x000000070ed00000|  0%| F|  |TAMS 0x000000070ec00000, 0x000000070ec00000| Untracked 
| 225|0x000000070ed00000, 0x000000070ed00000, 0x000000070ee00000|  0%| F|  |TAMS 0x000000070ed00000, 0x000000070ed00000| Untracked 
| 226|0x000000070ee00000, 0x000000070ee00000, 0x000000070ef00000|  0%| F|  |TAMS 0x000000070ee00000, 0x000000070ee00000| Untracked 
| 227|0x000000070ef00000, 0x000000070ef00000, 0x000000070f000000|  0%| F|  |TAMS 0x000000070ef00000, 0x000000070ef00000| Untracked 
| 228|0x000000070f000000, 0x000000070f000000, 0x000000070f100000|  0%| F|  |TAMS 0x000000070f000000, 0x000000070f000000| Untracked 
| 229|0x000000070f100000, 0x000000070f200000, 0x000000070f200000|100%| S|CS|TAMS 0x000000070f100000, 0x000000070f100000| Complete 
| 230|0x000000070f200000, 0x000000070f300000, 0x000000070f300000|100%| S|CS|TAMS 0x000000070f200000, 0x000000070f200000| Complete 
| 231|0x000000070f300000, 0x000000070f400000, 0x000000070f400000|100%| S|CS|TAMS 0x000000070f300000, 0x000000070f300000| Complete 
| 232|0x000000070f400000, 0x000000070f400000, 0x000000070f500000|  0%| F|  |TAMS 0x000000070f400000, 0x000000070f400000| Untracked 
| 233|0x000000070f500000, 0x000000070f500000, 0x000000070f600000|  0%| F|  |TAMS 0x000000070f500000, 0x000000070f500000| Untracked 
| 234|0x000000070f600000, 0x000000070f600000, 0x000000070f700000|  0%| F|  |TAMS 0x000000070f600000, 0x000000070f600000| Untracked 
| 235|0x000000070f700000, 0x000000070f700000, 0x000000070f800000|  0%| F|  |TAMS 0x000000070f700000, 0x000000070f700000| Untracked 
| 236|0x000000070f800000, 0x000000070f800000, 0x000000070f900000|  0%| F|  |TAMS 0x000000070f800000, 0x000000070f800000| Untracked 
| 237|0x000000070f900000, 0x000000070f900000, 0x000000070fa00000|  0%| F|  |TAMS 0x000000070f900000, 0x000000070f900000| Untracked 
| 238|0x000000070fa00000, 0x000000070fa00000, 0x000000070fb00000|  0%| F|  |TAMS 0x000000070fa00000, 0x000000070fa00000| Untracked 
| 239|0x000000070fb00000, 0x000000070fb00000, 0x000000070fc00000|  0%| F|  |TAMS 0x000000070fb00000, 0x000000070fb00000| Untracked 
| 240|0x000000070fc00000, 0x000000070fc00000, 0x000000070fd00000|  0%| F|  |TAMS 0x000000070fc00000, 0x000000070fc00000| Untracked 
| 241|0x000000070fd00000, 0x000000070fd00000, 0x000000070fe00000|  0%| F|  |TAMS 0x000000070fd00000, 0x000000070fd00000| Untracked 
| 242|0x000000070fe00000, 0x000000070fe00000, 0x000000070ff00000|  0%| F|  |TAMS 0x000000070fe00000, 0x000000070fe00000| Untracked 
| 243|0x000000070ff00000, 0x000000070ff00000, 0x0000000710000000|  0%| F|  |TAMS 0x000000070ff00000, 0x000000070ff00000| Untracked 
| 244|0x0000000710000000, 0x0000000710000000, 0x0000000710100000|  0%| F|  |TAMS 0x0000000710000000, 0x0000000710000000| Untracked 
| 245|0x0000000710100000, 0x0000000710100000, 0x0000000710200000|  0%| F|  |TAMS 0x0000000710100000, 0x0000000710100000| Untracked 
| 246|0x0000000710200000, 0x0000000710200000, 0x0000000710300000|  0%| F|  |TAMS 0x0000000710200000, 0x0000000710200000| Untracked 
| 247|0x0000000710300000, 0x0000000710300000, 0x0000000710400000|  0%| F|  |TAMS 0x0000000710300000, 0x0000000710300000| Untracked 
| 248|0x0000000710400000, 0x0000000710480bc8, 0x0000000710500000| 50%| E|  |TAMS 0x0000000710400000, 0x0000000710400000| Complete 
| 249|0x0000000710500000, 0x0000000710600000, 0x0000000710600000|100%| E|CS|TAMS 0x0000000710500000, 0x0000000710500000| Complete 
| 250|0x0000000710600000, 0x0000000710700000, 0x0000000710700000|100%| E|CS|TAMS 0x0000000710600000, 0x0000000710600000| Complete 
| 251|0x0000000710700000, 0x0000000710800000, 0x0000000710800000|100%| E|CS|TAMS 0x0000000710700000, 0x0000000710700000| Complete 
| 252|0x0000000710800000, 0x0000000710900000, 0x0000000710900000|100%| E|CS|TAMS 0x0000000710800000, 0x0000000710800000| Complete 
| 253|0x0000000710900000, 0x0000000710a00000, 0x0000000710a00000|100%| E|CS|TAMS 0x0000000710900000, 0x0000000710900000| Complete 
| 254|0x0000000710a00000, 0x0000000710b00000, 0x0000000710b00000|100%| E|CS|TAMS 0x0000000710a00000, 0x0000000710a00000| Complete 
| 255|0x0000000710b00000, 0x0000000710c00000, 0x0000000710c00000|100%| E|CS|TAMS 0x0000000710b00000, 0x0000000710b00000| Complete 

Card table byte_map: [0x000002c673780000,0x000002c673f80000] _byte_map_base: 0x000002c66ff7a000

Marking Bits (Prev, Next): (CMBitMap*) 0x000002c66a770598, (CMBitMap*) 0x000002c66a7705d0
 Prev Bits: [0x000002c674780000, 0x000002c678750000)
 Next Bits: [0x000002c678750000, 0x000002c67c720000)

Polling page: 0x000002c668560000

Metaspace:

Usage:
  Non-class:     14.99 MB capacity,    14.70 MB ( 98%) used,   248.58 KB (  2%) free+waste,    47.88 KB ( <1%) overhead. 
      Class:      1.90 MB capacity,     1.69 MB ( 89%) used,   188.23 KB ( 10%) free+waste,    25.50 KB (  1%) overhead. 
       Both:     16.89 MB capacity,    16.40 MB ( 97%) used,   436.81 KB (  3%) free+waste,    73.38 KB ( <1%) overhead. 

Virtual space:
  Non-class space:       16.00 MB reserved,      15.00 MB ( 94%) committed 
      Class space:        1.00 GB reserved,       2.00 MB ( <1%) committed 
             Both:        1.02 GB reserved,      17.00 MB (  2%) committed 

Chunk freelists:
   Non-Class:  1.00 KB
       Class:  512 bytes
        Both:  1.50 KB

CodeHeap 'non-profiled nmethods': size=120000Kb used=541Kb max_used=541Kb free=119458Kb
 bounds [0x000002c607ad0000, 0x000002c607d40000, 0x000002c60f000000]
CodeHeap 'profiled nmethods': size=120000Kb used=2120Kb max_used=2120Kb free=117879Kb
 bounds [0x000002c6005a0000, 0x000002c600810000, 0x000002c607ad0000]
CodeHeap 'non-nmethods': size=5760Kb used=1338Kb max_used=1373Kb free=4421Kb
 bounds [0x000002c600000000, 0x000002c600270000, 0x000002c6005a0000]
 total_blobs=2292 nmethods=1276 adapters=679
 compilation: enabled
              stopped_count=0, restarted_count=0
 full_count=0

Compilation events (10 events):
Event: 1.405 Thread 0x000002c60f112800 1244   !   3       java.lang.ref.Finalizer::runFinalizer (117 bytes)
Event: 1.405 Thread 0x000002c60f112800 nmethod 1244 0x000002c6007a3e90 code [0x000002c6007a40c0, 0x000002c6007a4bd0]
Event: 1.405 Thread 0x000002c60f112800 1245       3       java.lang.System$2::invokeFinalize (5 bytes)
Event: 1.405 Thread 0x000002c60f112800 nmethod 1245 0x000002c6007a4e90 code [0x000002c6007a5060, 0x000002c6007a5290]
Event: 1.405 Thread 0x000002c60f112800 1246       3       org.opencv.core.Mat::finalize (12 bytes)
Event: 1.405 Thread 0x000002c60f112800 nmethod 1246 0x000002c6007a5390 code [0x000002c6007a5560, 0x000002c6007a5750]
Event: 1.411 Thread 0x000002c60f112800 1248       3       javax.swing.JComponent::getFlag (20 bytes)
Event: 1.411 Thread 0x000002c60f112800 nmethod 1248 0x000002c6007a5810 code [0x000002c6007a59c0, 0x000002c6007a5b98]
Event: 1.411 Thread 0x000002c60f112800 1249   !   3       javax.swing.UIManager::getLAFState (61 bytes)
Event: 1.412 Thread 0x000002c60f112800 nmethod 1249 0x000002c6007a5c10 code [0x000002c6007a5e60, 0x000002c6007a6710]

GC Heap History (2 events):
Event: 1.399 GC heap before
{Heap before GC invocations=0 (full 0):
 garbage-first heap   total 262144K, used 38912K [0x0000000700c00000, 0x0000000800000000)
  region size 1024K, 24 young (24576K), 0 survivors (0K)
 Metaspace       used 16766K, capacity 17299K, committed 17408K, reserved 1064960K
  class space    used 1734K, capacity 1948K, committed 2048K, reserved 1048576K
}
Event: 1.402 GC heap after
{Heap after GC invocations=1 (full 0):
 garbage-first heap   total 262144K, used 19003K [0x0000000700c00000, 0x0000000800000000)
  region size 1024K, 3 young (3072K), 3 survivors (3072K)
 Metaspace       used 16766K, capacity 17299K, committed 17408K, reserved 1064960K
  class space    used 1734K, capacity 1948K, committed 2048K, reserved 1048576K
}

Deoptimization events (9 events):
Event: 0.096 Thread 0x000002c66a70c800 Uncommon trap: reason=unstable_if action=reinterpret pc=0x000002c607adb078 method=java.lang.String.isLatin1()Z @ 10 c2
Event: 0.120 Thread 0x000002c66a70c800 Uncommon trap: reason=unstable_if action=reinterpret pc=0x000002c607ad5e14 method=java.lang.String.isLatin1()Z @ 10 c2
Event: 0.167 Thread 0x000002c66a70c800 Uncommon trap: reason=unstable_if action=reinterpret pc=0x000002c607ade200 method=java.util.HashMap.putVal(ILjava/lang/Object;Ljava/lang/Object;ZZ)Ljava/lang/Object; @ 181 c2
Event: 0.594 Thread 0x000002c66a70c800 Uncommon trap: reason=unstable_if action=reinterpret pc=0x000002c607afa7ec method=java.util.zip.ZipFile$ZipFileInputStream.read([BII)I @ 41 c2
Event: 0.594 Thread 0x000002c66a70c800 Uncommon trap: reason=unstable_if action=reinterpret pc=0x000002c607af7dd0 method=java.util.zip.Inflater.inflate([BII)I @ 327 c2
Event: 1.191 Thread 0x000002c66a70c800 Uncommon trap: reason=unstable_if action=reinterpret pc=0x000002c607b224c8 method=java.util.HashMap.hash(Ljava/lang/Object;)I @ 1 c2
Event: 1.195 Thread 0x000002c66a70c800 Uncommon trap: reason=unstable_if action=reinterpret pc=0x000002c607b2c4b8 method=java.util.HashMap.hash(Ljava/lang/Object;)I @ 1 c2
Event: 1.220 Thread 0x000002c66a70c800 Uncommon trap: reason=unstable_if action=reinterpret pc=0x000002c607b19044 method=java.lang.StringUTF16.compress([CI[BII)I @ 20 c2
Event: 1.266 Thread 0x000002c61088e800 Uncommon trap: reason=unstable_if action=reinterpret pc=0x000002c607af72dc method=java.lang.ThreadLocal.get()Ljava/lang/Object; @ 11 c2

Classes redefined (0 events):
No events

Internal exceptions (10 events):
Event: 1.188 Thread 0x000002c66a70c800 Exception <a 'java/lang/ClassNotFoundException'{0x000000070fe94c98}: com/sun/swing/internal/plaf/basic/resources/spi/basicProvider> (0x000000070fe94c98) thrown at [t:/workspace/open/src/hotspot/share/classfile/systemDictionary.cpp, line 231]
Event: 1.191 Thread 0x000002c66a70c800 Implicit null exception at 0x000002c607b2157e to 0x000002c607b224ae
Event: 1.195 Thread 0x000002c66a70c800 Implicit null exception at 0x000002c607b2c42f to 0x000002c607b2c4a9
Event: 1.211 Thread 0x000002c66a70c800 Exception <a 'java/lang/NoSuchMethodError'{0x000000070fd7bcb8}: java.lang.invoke.DirectMethodHandle$Holder.invokeStaticInit(Ljava/lang/Object;)V> (0x000000070fd7bcb8) thrown at [t:/workspace/open/src/hotspot/share/interpreter/linkResolver.cpp, line 772]
Event: 1.229 Thread 0x000002c66a70c800 Exception <a 'java/lang/NoSuchMethodError'{0x000000070fcbbc78}: java.lang.invoke.DirectMethodHandle$Holder.invokeStatic(Ljava/lang/Object;Ljava/lang/Object;Ljava/lang/Object;Ljava/lang/Object;Ljava/lang/Object;Ljava/lang/Object;Ljava/lang/Object;Ljava/lan
Event: 1.230 Thread 0x000002c66a70c800 Exception <a 'java/lang/NoSuchMethodError'{0x000000070fcdd068}: java.lang.invoke.DirectMethodHandle$Holder.invokeStatic(Ljava/lang/Object;Ljava/lang/Object;Ljava/lang/Object;Ljava/lang/Object;Ljava/lang/Object;Ljava/lang/Object;Ljava/lang/Object;Ljava/lan
Event: 1.231 Thread 0x000002c66a70c800 Exception <a 'java/lang/NoSuchMethodError'{0x000000070fcfc290}: java.lang.invoke.DirectMethodHandle$Holder.invokeStatic(Ljava/lang/Object;Ljava/lang/Object;Ljava/lang/Object;Ljava/lang/Object;Ljava/lang/Object;Ljava/lang/Object;Ljava/lang/Object;Ljava/lan
Event: 1.232 Thread 0x000002c66a70c800 Exception <a 'java/lang/NoSuchMethodError'{0x000000070fb08978}: java.lang.invoke.Invokers$Holder.linkToTargetMethod(Ljava/lang/Object;ILjava/lang/Object;)Ljava/lang/Object;> (0x000000070fb08978) thrown at [t:/workspace/open/src/hotspot/share/interpreter/l
Event: 1.264 Thread 0x000002c61088e800 Exception <a 'java/lang/NoSuchMethodError'{0x000000070fd4b570}: java.lang.invoke.DirectMethodHandle$Holder.invokeStatic(Ljava/lang/Object;Ljava/lang/Object;Ljava/lang/Object;Ljava/lang/Object;Ljava/lang/Object;Ljava/lang/Object;Ljava/lang/Object;Ljava/lan
Event: 1.266 Thread 0x000002c61088e800 Implicit null exception at 0x000002c607af7190 to 0x000002c607af72c6

Events (10 events):
Event: 1.404 Executing VM operation: RevokeBias
Event: 1.404 Executing VM operation: RevokeBias done
Event: 1.404 Executing VM operation: RevokeBias
Event: 1.404 Executing VM operation: RevokeBias done
Event: 1.404 Executing VM operation: RevokeBias
Event: 1.404 Executing VM operation: RevokeBias done
Event: 1.404 Executing VM operation: RevokeBias
Event: 1.404 Executing VM operation: RevokeBias done
Event: 1.411 Executing VM operation: RevokeBias
Event: 1.412 Executing VM operation: RevokeBias done


Dynamic libraries:
0x00007ff70be50000 - 0x00007ff70be97000 	C:\Program Files\Java\jdk-11.0.2\bin\java.exe
0x00007ffec9020000 - 0x00007ffec9210000 	C:\WINDOWS\SYSTEM32\ntdll.dll
0x00007ffec7760000 - 0x00007ffec7812000 	C:\WINDOWS\System32\KERNEL32.DLL
0x00007ffec6500000 - 0x00007ffec67a4000 	C:\WINDOWS\System32\KERNELBASE.dll
0x00007ffec7240000 - 0x00007ffec72e3000 	C:\WINDOWS\System32\ADVAPI32.dll
0x00007ffec7830000 - 0x00007ffec78ce000 	C:\WINDOWS\System32\msvcrt.dll
0x00007ffec8230000 - 0x00007ffec82c7000 	C:\WINDOWS\System32\sechost.dll
0x00007ffec83a0000 - 0x00007ffec84c0000 	C:\WINDOWS\System32\RPCRT4.dll
0x00007ffec8c50000 - 0x00007ffec8de4000 	C:\WINDOWS\System32\USER32.dll
0x00007ffec67b0000 - 0x00007ffec67d1000 	C:\WINDOWS\System32\win32u.dll
0x00007ffec7a90000 - 0x00007ffec7ab6000 	C:\WINDOWS\System32\GDI32.dll
0x00007ffec5fb0000 - 0x00007ffec6144000 	C:\WINDOWS\System32\gdi32full.dll
0x00007ffec6300000 - 0x00007ffec639e000 	C:\WINDOWS\System32\msvcp_win.dll
0x00007ffec6200000 - 0x00007ffec62fa000 	C:\WINDOWS\System32\ucrtbase.dll
0x00007ffeb9e10000 - 0x00007ffeba094000 	C:\WINDOWS\WinSxS\amd64_microsoft.windows.common-controls_6595b64144ccf1df_6.0.18362.836_none_e6c4b943130f18ed\COMCTL32.dll
0x00007ffec11d0000 - 0x00007ffec11da000 	C:\WINDOWS\SYSTEM32\VERSION.dll
0x00007ffec8750000 - 0x00007ffec8a86000 	C:\WINDOWS\System32\combase.dll
0x00007ffec6150000 - 0x00007ffec61d0000 	C:\WINDOWS\System32\bcryptPrimitives.dll
0x00007ffec7940000 - 0x00007ffec796e000 	C:\WINDOWS\System32\IMM32.DLL
0x00007ffeb3480000 - 0x00007ffeb3496000 	C:\Program Files\Java\jdk-11.0.2\bin\vcruntime140.dll
0x00007ffea1b50000 - 0x00007ffea1bfa000 	C:\Program Files\Java\jdk-11.0.2\bin\msvcp140.dll
0x00007ffe7fa10000 - 0x00007ffe80537000 	C:\Program Files\Java\jdk-11.0.2\bin\server\jvm.dll
0x00007ffec8590000 - 0x00007ffec8598000 	C:\WINDOWS\System32\PSAPI.DLL
0x00007ffebe730000 - 0x00007ffebe739000 	C:\WINDOWS\SYSTEM32\WSOCK32.dll
0x00007ffebaee0000 - 0x00007ffebaf04000 	C:\WINDOWS\SYSTEM32\WINMM.dll
0x00007ffec7970000 - 0x00007ffec79df000 	C:\WINDOWS\System32\WS2_32.dll
0x00007ffebc170000 - 0x00007ffebc19d000 	C:\WINDOWS\SYSTEM32\winmmbase.dll
0x00007ffec64b0000 - 0x00007ffec64fa000 	C:\WINDOWS\System32\cfgmgr32.dll
0x00007ffec5ef0000 - 0x00007ffec5f01000 	C:\WINDOWS\System32\kernel.appcore.dll
0x00007ffeb2810000 - 0x00007ffeb2821000 	C:\Program Files\Java\jdk-11.0.2\bin\verify.dll
0x00007ffebfab0000 - 0x00007ffebfca4000 	C:\WINDOWS\SYSTEM32\DBGHELP.DLL
0x00007ffebf260000 - 0x00007ffebf28a000 	C:\WINDOWS\SYSTEM32\dbgcore.DLL
0x00007ffeae850000 - 0x00007ffeae879000 	C:\Program Files\Java\jdk-11.0.2\bin\java.dll
0x00007ffeae800000 - 0x00007ffeae82f000 	C:\Program Files\Java\jdk-11.0.2\bin\instrument.dll
0x00007ffeae830000 - 0x00007ffeae846000 	C:\Program Files\Java\jdk-11.0.2\bin\zip.dll
0x00007ffec11c0000 - 0x00007ffec11ca000 	C:\Program Files\Java\jdk-11.0.2\bin\jimage.dll
0x00007ffec7ac0000 - 0x00007ffec81a4000 	C:\WINDOWS\System32\SHELL32.dll
0x00007ffec79e0000 - 0x00007ffec7a89000 	C:\WINDOWS\System32\shcore.dll
0x00007ffec6930000 - 0x00007ffec70ae000 	C:\WINDOWS\System32\windows.storage.dll
0x00007ffec5f10000 - 0x00007ffec5f33000 	C:\WINDOWS\System32\profapi.dll
0x00007ffec5f60000 - 0x00007ffec5faa000 	C:\WINDOWS\System32\powrprof.dll
0x00007ffec5ee0000 - 0x00007ffec5ef0000 	C:\WINDOWS\System32\UMPDC.dll
0x00007ffec78e0000 - 0x00007ffec7932000 	C:\WINDOWS\System32\shlwapi.dll
0x00007ffec70b0000 - 0x00007ffec70c7000 	C:\WINDOWS\System32\cryptsp.dll
0x00007ffeae7c0000 - 0x00007ffeae7d9000 	C:\Program Files\Java\jdk-11.0.2\bin\net.dll
0x00007ffebecc0000 - 0x00007ffebedb0000 	C:\WINDOWS\SYSTEM32\WINHTTP.dll
0x00007ffebabd0000 - 0x00007ffebada6000 	C:\WINDOWS\SYSTEM32\urlmon.dll
0x00007ffeba0a0000 - 0x00007ffeba346000 	C:\WINDOWS\SYSTEM32\iertutil.dll
0x00007ffec5880000 - 0x00007ffec588c000 	C:\WINDOWS\SYSTEM32\CRYPTBASE.DLL
0x00007ffec5700000 - 0x00007ffec5767000 	C:\WINDOWS\system32\mswsock.dll
0x00007ffeae7a0000 - 0x00007ffeae7b3000 	C:\Program Files\Java\jdk-11.0.2\bin\nio.dll
0x00007ffeae780000 - 0x00007ffeae79a000 	C:\Users\Jeppe Kaare Larsen\AppData\Local\JetBrains\Toolbox\apps\IDEA-U\ch-0\202.4357.23\bin\breakgen64.dll
0x00007ffec5280000 - 0x00007ffec52b3000 	C:\WINDOWS\system32\rsaenh.dll
0x00007ffec61d0000 - 0x00007ffec61f6000 	C:\WINDOWS\System32\bcrypt.dll
0x00007ffec5e00000 - 0x00007ffec5e25000 	C:\WINDOWS\SYSTEM32\USERENV.dll
0x00007ffec5420000 - 0x00007ffec545a000 	C:\WINDOWS\SYSTEM32\IPHLPAPI.DLL
0x00007ffec78d0000 - 0x00007ffec78d8000 	C:\WINDOWS\System32\NSI.dll
0x00007ffec0610000 - 0x00007ffec0626000 	C:\WINDOWS\SYSTEM32\dhcpcsvc6.DLL
0x00007ffec05c0000 - 0x00007ffec05dc000 	C:\WINDOWS\SYSTEM32\dhcpcsvc.DLL
0x00007ffec5460000 - 0x00007ffec552b000 	C:\WINDOWS\SYSTEM32\DNSAPI.dll
0x00007ffe6f8a0000 - 0x00007ffe725fa000 	C:\Users\Jeppe Kaare Larsen\AppData\Local\Temp\opencv_openpnp9771631629186340834\nu\pattern\opencv\windows\x86_64\opencv_java342.dll
0x00007ffec8af0000 - 0x00007ffec8c47000 	C:\WINDOWS\System32\ole32.dll
0x00007ffec84c0000 - 0x00007ffec8584000 	C:\WINDOWS\System32\OLEAUT32.dll
0x00007ffeadaf0000 - 0x00007ffeadb10000 	C:\WINDOWS\SYSTEM32\AVIFIL32.dll
0x00007ffeadac0000 - 0x00007ffeadae9000 	C:\WINDOWS\SYSTEM32\MSVFW32.dll
0x00007ffeadaa0000 - 0x00007ffeadab8000 	C:\WINDOWS\SYSTEM32\AVICAP32.dll
0x00007ffea57e0000 - 0x00007ffea59da000 	C:\WINDOWS\SYSTEM32\MFPlat.DLL
0x00007ffe993f0000 - 0x00007ffe99472000 	C:\WINDOWS\SYSTEM32\MF.dll
0x00007ffe8f050000 - 0x00007ffe8f189000 	C:\WINDOWS\SYSTEM32\MFReadWrite.dll
0x00007ffec3200000 - 0x00007ffec345b000 	C:\WINDOWS\SYSTEM32\d3d11.dll
0x00007ffec0b10000 - 0x00007ffec0b2c000 	C:\WINDOWS\SYSTEM32\MSACM32.dll
0x00007ffec4ba0000 - 0x00007ffec4c8b000 	C:\WINDOWS\SYSTEM32\dxgi.dll
0x00007ffe8a2e0000 - 0x00007ffe8a6cc000 	C:\WINDOWS\SYSTEM32\MFCORE.DLL
0x00007ffec4b10000 - 0x00007ffec4b30000 	C:\WINDOWS\SYSTEM32\dxcore.dll
0x00007ffec67e0000 - 0x00007ffec6929000 	C:\WINDOWS\System32\CRYPT32.dll
0x00007ffec5f40000 - 0x00007ffec5f52000 	C:\WINDOWS\System32\MSASN1.dll
0x00007ffec41d0000 - 0x00007ffec41d9000 	C:\WINDOWS\SYSTEM32\ksuser.dll
0x00007ffebe530000 - 0x00007ffebe55f000 	C:\WINDOWS\SYSTEM32\RTWorkQ.DLL
0x00007ffe8e7b0000 - 0x00007ffe8e94f000 	C:\Program Files\Java\jdk-11.0.2\bin\awt.dll
0x00007ffec2c40000 - 0x00007ffec3200000 	C:\WINDOWS\SYSTEM32\d2d1.dll
0x00007ffec40f0000 - 0x00007ffec417f000 	C:\WINDOWS\SYSTEM32\apphelp.dll
0x00007ffea97d0000 - 0x00007ffea97fd000 	C:\Program Files\Java\jdk-11.0.2\bin\javajpeg.dll
0x00007ffec4640000 - 0x00007ffec466d000 	C:\WINDOWS\system32\DWMAPI.DLL
0x00007ffec4210000 - 0x00007ffec42a9000 	C:\WINDOWS\system32\uxtheme.dll
0x00007ffe96040000 - 0x00007ffe96196000 	C:\WINDOWS\system32\opengl32.dll
0x00007ffeb2b50000 - 0x00007ffeb2b7c000 	C:\WINDOWS\SYSTEM32\GLU32.dll
0x00007ffec8ea0000 - 0x00007ffec8fd6000 	C:\WINDOWS\System32\MSCTF.dll
0x00007ffeb2e10000 - 0x00007ffeb2fd7000 	C:\WINDOWS\system32\d3d9.dll
0x00007ffebef90000 - 0x00007ffebf07e000 	C:\WINDOWS\System32\DriverStore\FileRepository\nv_dispi.inf_amd64_db678424d2641c3d\nvldumdx.dll
0x00007ffec63a0000 - 0x00007ffec63fc000 	C:\WINDOWS\System32\WINTRUST.DLL
0x00007ffec7220000 - 0x00007ffec723d000 	C:\WINDOWS\System32\imagehlp.dll
0x00007ffe7a270000 - 0x00007ffe7b70b000 	C:\WINDOWS\System32\DriverStore\FileRepository\nv_dispi.inf_amd64_db678424d2641c3d\nvd3dumx.dll
0x00007ffeaf520000 - 0x00007ffeaf7d7000 	C:\WINDOWS\system32\nvspcap64.dll
0x00007ffec4f00000 - 0x00007ffec4f31000 	C:\WINDOWS\SYSTEM32\ntmarta.dll
0x00007ffec4ac0000 - 0x00007ffec4ae2000 	C:\WINDOWS\SYSTEM32\gpapi.dll
0x00007ffeba570000 - 0x00007ffeba59f000 	C:\WINDOWS\SYSTEM32\cryptnet.dll
0x00007ffe9c000000 - 0x00007ffe9c080000 	C:\Program Files\Java\jdk-11.0.2\bin\freetype.dll
0x00007ffe9a3b0000 - 0x00007ffe9a41f000 	C:\Program Files\Java\jdk-11.0.2\bin\fontmanager.dll
0x00007ffeb3580000 - 0x00007ffeb361e000 	C:\WINDOWS\System32\TextInputFramework.dll
0x00007ffeb0fd0000 - 0x00007ffeb12fa000 	C:\WINDOWS\System32\CoreUIComponents.dll
0x00007ffec3e40000 - 0x00007ffec3f14000 	C:\WINDOWS\System32\CoreMessaging.dll
0x00007ffec2100000 - 0x00007ffec2253000 	C:\WINDOWS\SYSTEM32\wintypes.dll

dbghelp: loaded successfully - version: 4.0.5 - missing functions: none
symbol engine: initialized successfully - sym options: 0x614 - pdb path: .;C:\Program Files\Java\jdk-11.0.2\bin;C:\WINDOWS\SYSTEM32;C:\WINDOWS\WinSxS\amd64_microsoft.windows.common-controls_6595b64144ccf1df_6.0.18362.836_none_e6c4b943130f18ed;C:\Program Files\Java\jdk-11.0.2\bin\server;C:\Users\Jeppe Kaare Larsen\AppData\Local\JetBrains\Toolbox\apps\IDEA-U\ch-0\202.4357.23\bin;C:\Users\Jeppe Kaare Larsen\AppData\Local\Temp\opencv_openpnp9771631629186340834\nu\pattern\opencv\windows\x86_64;C:\WINDOWS\System32\DriverStore\FileRepository\nv_dispi.inf_amd64_db678424d2641c3d

VM Arguments:
jvm_args: -javaagent:C:\Users\Jeppe Kaare Larsen\AppData\Local\JetBrains\Toolbox\apps\IDEA-U\ch-0\202.4357.23\lib\idea_rt.jar=61524:C:\Users\Jeppe Kaare Larsen\AppData\Local\JetBrains\Toolbox\apps\IDEA-U\ch-0\202.4357.23\bin -Dfile.encoding=UTF-8 
java_command: Main
java_class_path (initial): D:\IdeaProjects\7kabaleCDIO\target\classes;C:\Users\Jeppe Kaare Larsen\.m2\repository\org\openpnp\opencv\3.4.2-2\opencv-3.4.2-2.jar;C:\Users\Jeppe Kaare Larsen\.m2\repository\org\openjfx\javafx-swing\11\javafx-swing-11.jar;C:\Users\Jeppe Kaare Larsen\.m2\repository\org\openjfx\javafx-swing\11\javafx-swing-11-win.jar;C:\Users\Jeppe Kaare Larsen\.m2\repository\org\openjfx\javafx-graphics\11\javafx-graphics-11.jar;C:\Users\Jeppe Kaare Larsen\.m2\repository\org\openjfx\javafx-graphics\11\javafx-graphics-11-win.jar;C:\Users\Jeppe Kaare Larsen\.m2\repository\org\openjfx\javafx-base\11\javafx-base-11.jar;C:\Users\Jeppe Kaare Larsen\.m2\repository\org\openjfx\javafx-base\11\javafx-base-11-win.jar
Launcher Type: SUN_STANDARD

[Global flags]
     intx CICompilerCount                          = 4                                         {product} {ergonomic}
     uint ConcGCThreads                            = 3                                         {product} {ergonomic}
     uint G1ConcRefinementThreads                  = 10                                        {product} {ergonomic}
   size_t G1HeapRegionSize                         = 1048576                                   {product} {ergonomic}
    uintx GCDrainStackTargetSize                   = 64                                        {product} {ergonomic}
   size_t InitialHeapSize                          = 268435456                                 {product} {ergonomic}
   size_t MarkStackSize                            = 4194304                                   {product} {ergonomic}
   size_t MaxHeapSize                              = 4282384384                                {product} {ergonomic}
   size_t MaxNewSize                               = 2569011200                                {product} {ergonomic}
   size_t MinHeapDeltaBytes                        = 1048576                                   {product} {ergonomic}
    uintx NonNMethodCodeHeapSize                   = 5835340                                {pd product} {ergonomic}
    uintx NonProfiledCodeHeapSize                  = 122911450                              {pd product} {ergonomic}
    uintx ProfiledCodeHeapSize                     = 122911450                              {pd product} {ergonomic}
    uintx ReservedCodeCacheSize                    = 251658240                              {pd product} {ergonomic}
     bool SegmentedCodeCache                       = true                                      {product} {ergonomic}
     bool UseCompressedClassPointers               = true                                 {lp64_product} {ergonomic}
     bool UseCompressedOops                        = true                                 {lp64_product} {ergonomic}
     bool UseG1GC                                  = true                                      {product} {ergonomic}
     bool UseLargePagesIndividualAllocation        = false                                  {pd product} {ergonomic}

Logging:
Log output configuration:
 #0: stdout all=warning uptime,level,tags
 #1: stderr all=off uptime,level,tags

Environment Variables:
PATH=C:\Program Files (x86)\Common Files\Oracle\Java\javapath;C:\WINDOWS\system32;C:\WINDOWS;C:\WINDOWS\System32\Wbem;C:\WINDOWS\System32\WindowsPowerShell\v1.0\;C:\Program Files (x86)\NVIDIA Corporation\PhysX\Common;C:\WINDOWS\system32;C:\WINDOWS;C:\WINDOWS\System32\Wbem;C:\WINDOWS\System32\WindowsPowerShell\v1.0\;C:\WINDOWS\System32\OpenSSH\;C:\Program Files\NVIDIA Corporation\NVIDIA NvDLISR;C:\Program Files\Git\cmd;C:\Program Files (x86)\Plantronics\Spokes3G\;C:\Program Files\nodejs\;C:\Program Files\Microsoft SQL Server\130\Tools\Binn\;C:\Program Files\Microsoft SQL Server\Client SDK\ODBC\170\Tools\Binn\;C:\Program Files\PuTTY\;C:\Program Files\dotnet\;C:\Users\Jeppe Kaare Larsen\AppData\Local\Microsoft\WindowsApps;C:\Users\Jeppe Kaare Larsen\AppData\Roaming\npm
USERNAME=Jeppe Kaare Larsen
OS=Windows_NT
PROCESSOR_IDENTIFIER=AMD64 Family 23 Model 113 Stepping 0, AuthenticAMD



---------------  S Y S T E M  ---------------

OS: Windows 10 , 64 bit Build 18362 (10.0.18362.778)

CPU:total 12 (initial active 12) (12 cores per cpu, 2 threads per core) family 23 model 113 stepping 0, cmov, cx8, fxsr, mmx, sse, sse2, sse3, ssse3, sse4.1, sse4.2, popcnt, avx, avx2, aes, clmul, mmxext, 3dnowpref, lzcnt, sse4a, ht, tsc, tscinvbit, tscinv, bmi1, bmi2, adx, sha, fma

Memory: 4k page, system-wide physical 16334M (9313M free)
TotalPageFile size 18766M (AvailPageFile size 7368M)
current process WorkingSet (physical memory assigned to process): 197M, peak: 230M
current process commit charge ("private bytes"): 561M, peak: 579M

vm_info: Java HotSpot(TM) 64-Bit Server VM (11.0.2+9-LTS) for windows-amd64 JRE (11.0.2+9-LTS), built on Jan 18 2019 05:24:10 by "mach5one" with MS VC++ 15.5 (VS2017)

END.
